<?xml version="1.0" encoding="UTF-8"?>
<testsuite name="uTest platform" tests="1" skipped="0" failures="0" errors="0" timestamp="2020-11-27T08:29:37" hostname="DESKTOP-T7H7S42" time="44.57">
  <properties/>
  <testcase name="Registry on the uTest platform" classname="uTest platform" time="44.57"/>
  <system-out><![CDATA[]]></system-out>
  <system-err><![CDATA[[Test worker] WARN net.thucydides.core.steps.BaseStepListener - stepStarted: net.thucydides.core.steps.ExecutedStepDescription@20b896bd
[Test worker] WARN net.thucydides.core.steps.BaseStepListener - stepStarted: net.thucydides.core.steps.ExecutedStepDescription@2ba66c8c
[Test worker] WARN net.thucydides.core.steps.BaseStepListener - stepStarted: net.thucydides.core.steps.ExecutedStepDescription@52b7b3db
nov 27, 2020 3:29:38 AM org.openqa.selenium.remote.DesiredCapabilities chrome
INFORMACIÓN: Using `new ChromeOptions()` is preferred to `DesiredCapabilities.chrome()`
[Test worker] INFO net.serenitybdd.core.webdriver.driverproviders.ProvideNewDriver - Instantiating driver
[Test worker] INFO net.serenitybdd.core.webdriver.driverproviders.ProvideNewDriver - Driver capabilities: Capabilities {acceptInsecureCerts: false, browserName: chrome, chrome.switches: --start-maximized, goog:chromeOptions: {args: [--start-maximized], extensions: []}, loggingPrefs: org.openqa.selenium.logging..., platform: ANY, version: }
Starting ChromeDriver 86.0.4240.22 (398b0743353ff36fb1b82468f63a3a93b4e2e89e-refs/branch-heads/4240@{#378}) on port 32151
Only local connections are allowed.
Please see https://chromedriver.chromium.org/security-considerations for suggestions on keeping ChromeDriver safe.
ChromeDriver was started successfully.
nov 27, 2020 3:29:44 AM org.openqa.selenium.remote.ProtocolHandshake createSession
INFORMACIÓN: Detected dialect: W3C
[Test worker] WARN net.thucydides.core.steps.BaseStepListener - stepFinished: current outcome:Registry on the uTest platform:Example: {firstName=Ana, lastName=Medina, email=testChoucair3@gmail.com, dateOfBirth=August-12-1994, city=Bogota, postalCode=110111, password=Anamedinavillarreal9410, confirmPassword=Anamedinavillarreal9410} [Given than Rose want to subscribe to the uTest platform [Rose open up [Rose opens the Open up page]]]
[Test worker] WARN net.thucydides.core.steps.BaseStepListener - stepFinished: current outcome:Registry on the uTest platform:Example: {firstName=Ana, lastName=Medina, email=testChoucair3@gmail.com, dateOfBirth=August-12-1994, city=Bogota, postalCode=110111, password=Anamedinavillarreal9410, confirmPassword=Anamedinavillarreal9410} [Given than Rose want to subscribe to the uTest platform [Rose open up [Rose opens the Open up page]]]
[Test worker] WARN net.thucydides.core.steps.BaseStepListener - stepStarted: net.thucydides.core.steps.ExecutedStepDescription@5c7ffa4a
[Test worker] WARN net.thucydides.core.steps.BaseStepListener - stepStarted: net.thucydides.core.steps.ExecutedStepDescription@4be16db9
[Test worker] WARN net.thucydides.core.steps.BaseStepListener - stepFinished: current outcome:Registry on the uTest platform:Example: {firstName=Ana, lastName=Medina, email=testChoucair3@gmail.com, dateOfBirth=August-12-1994, city=Bogota, postalCode=110111, password=Anamedinavillarreal9410, confirmPassword=Anamedinavillarreal9410} [Given than Rose want to subscribe to the uTest platform [Rose open up [Rose opens the Open up page], Rose go to [Rose clicks on button that allows us to go to the registration form]]]
[Test worker] WARN net.thucydides.core.steps.BaseStepListener - stepFinished: current outcome:Registry on the uTest platform:Example: {firstName=Ana, lastName=Medina, email=testChoucair3@gmail.com, dateOfBirth=August-12-1994, city=Bogota, postalCode=110111, password=Anamedinavillarreal9410, confirmPassword=Anamedinavillarreal9410} [Given than Rose want to subscribe to the uTest platform [Rose open up [Rose opens the Open up page], Rose go to [Rose clicks on button that allows us to go to the registration form]]]
[Test worker] WARN net.thucydides.core.steps.BaseStepListener - stepFinished: current outcome:Registry on the uTest platform:Example: {firstName=Ana, lastName=Medina, email=testChoucair3@gmail.com, dateOfBirth=August-12-1994, city=Bogota, postalCode=110111, password=Anamedinavillarreal9410, confirmPassword=Anamedinavillarreal9410} [Given than Rose want to subscribe to the uTest platform [Rose open up [Rose opens the Open up page], Rose go to [Rose clicks on button that allows us to go to the registration form]]]
[Test worker] WARN net.thucydides.core.steps.BaseStepListener - stepStarted: net.thucydides.core.steps.ExecutedStepDescription@24d1a782
[Test worker] WARN net.thucydides.core.steps.BaseStepListener - stepStarted: net.thucydides.core.steps.ExecutedStepDescription@4c2ee3cf
[Test worker] WARN net.thucydides.core.steps.BaseStepListener - stepStarted: net.thucydides.core.steps.ExecutedStepDescription@2b5b777b
[Test worker] WARN net.thucydides.core.steps.BaseStepListener - stepFinished: current outcome:Registry on the uTest platform:Example: {firstName=Ana, lastName=Medina, email=testChoucair3@gmail.com, dateOfBirth=August-12-1994, city=Bogota, postalCode=110111, password=Anamedinavillarreal9410, confirmPassword=Anamedinavillarreal9410} [Given than Rose want to subscribe to the uTest platform [Rose open up [Rose opens the Open up page], Rose go to [Rose clicks on button that allows us to go to the registration form]], When she fills out the registration form
| firstName | lastName | email | dateOfBirth | city | postalCode | password | confirmPassword |
| Ana | Medina | testChoucair3@gmail.com | August-12-1994 | Bogota | 110111 | Anamedinavillarreal9410 | Anamedinavillarreal9410 | [Rose fill [Rose enters 'Ana' into Name field]]]
[Test worker] WARN net.thucydides.core.steps.BaseStepListener - stepStarted: net.thucydides.core.steps.ExecutedStepDescription@244101c4
[Test worker] WARN net.thucydides.core.steps.BaseStepListener - stepFinished: current outcome:Registry on the uTest platform:Example: {firstName=Ana, lastName=Medina, email=testChoucair3@gmail.com, dateOfBirth=August-12-1994, city=Bogota, postalCode=110111, password=Anamedinavillarreal9410, confirmPassword=Anamedinavillarreal9410} [Given than Rose want to subscribe to the uTest platform [Rose open up [Rose opens the Open up page], Rose go to [Rose clicks on button that allows us to go to the registration form]], When she fills out the registration form
| firstName | lastName | email | dateOfBirth | city | postalCode | password | confirmPassword |
| Ana | Medina | testChoucair3@gmail.com | August-12-1994 | Bogota | 110111 | Anamedinavillarreal9410 | Anamedinavillarreal9410 | [Rose fill [Rose enters 'Ana' into Name field, Rose enters 'Medina' into Last name field]]]
[Test worker] WARN net.thucydides.core.steps.BaseStepListener - stepStarted: net.thucydides.core.steps.ExecutedStepDescription@7e3d8377
[Test worker] WARN net.thucydides.core.steps.BaseStepListener - stepFinished: current outcome:Registry on the uTest platform:Example: {firstName=Ana, lastName=Medina, email=testChoucair3@gmail.com, dateOfBirth=August-12-1994, city=Bogota, postalCode=110111, password=Anamedinavillarreal9410, confirmPassword=Anamedinavillarreal9410} [Given than Rose want to subscribe to the uTest platform [Rose open up [Rose opens the Open up page], Rose go to [Rose clicks on button that allows us to go to the registration form]], When she fills out the registration form
| firstName | lastName | email | dateOfBirth | city | postalCode | password | confirmPassword |
| Ana | Medina | testChoucair3@gmail.com | August-12-1994 | Bogota | 110111 | Anamedinavillarreal9410 | Anamedinavillarreal9410 | [Rose fill [Rose enters 'Ana' into Name field, Rose enters 'Medina' into Last name field, Rose enters 'testChoucair3@gmail.com' into Email field]]]
[Test worker] WARN net.thucydides.core.steps.BaseStepListener - stepStarted: net.thucydides.core.steps.ExecutedStepDescription@1c7f8313
[Test worker] WARN net.thucydides.core.steps.BaseStepListener - stepFinished: current outcome:Registry on the uTest platform:Example: {firstName=Ana, lastName=Medina, email=testChoucair3@gmail.com, dateOfBirth=August-12-1994, city=Bogota, postalCode=110111, password=Anamedinavillarreal9410, confirmPassword=Anamedinavillarreal9410} [Given than Rose want to subscribe to the uTest platform [Rose open up [Rose opens the Open up page], Rose go to [Rose clicks on button that allows us to go to the registration form]], When she fills out the registration form
| firstName | lastName | email | dateOfBirth | city | postalCode | password | confirmPassword |
| Ana | Medina | testChoucair3@gmail.com | August-12-1994 | Bogota | 110111 | Anamedinavillarreal9410 | Anamedinavillarreal9410 | [Rose fill [Rose enters 'Ana' into Name field, Rose enters 'Medina' into Last name field, Rose enters 'testChoucair3@gmail.com' into Email field, Rose clicks on List to select the day]]]
[Test worker] WARN net.thucydides.core.steps.BaseStepListener - stepStarted: net.thucydides.core.steps.ExecutedStepDescription@6e859e83
[Test worker] WARN net.thucydides.core.steps.BaseStepListener - stepFinished: current outcome:Registry on the uTest platform:Example: {firstName=Ana, lastName=Medina, email=testChoucair3@gmail.com, dateOfBirth=August-12-1994, city=Bogota, postalCode=110111, password=Anamedinavillarreal9410, confirmPassword=Anamedinavillarreal9410} [Given than Rose want to subscribe to the uTest platform [Rose open up [Rose opens the Open up page], Rose go to [Rose clicks on button that allows us to go to the registration form]], When she fills out the registration form
| firstName | lastName | email | dateOfBirth | city | postalCode | password | confirmPassword |
| Ana | Medina | testChoucair3@gmail.com | August-12-1994 | Bogota | 110111 | Anamedinavillarreal9410 | Anamedinavillarreal9410 | [Rose fill [Rose enters 'Ana' into Name field, Rose enters 'Medina' into Last name field, Rose enters 'testChoucair3@gmail.com' into Email field, Rose clicks on List to select the day, Rose select August on List to select the month]]]
[Test worker] WARN net.thucydides.core.steps.BaseStepListener - stepStarted: net.thucydides.core.steps.ExecutedStepDescription@2b4bfcca
[Test worker] WARN net.thucydides.core.steps.BaseStepListener - stepFinished: current outcome:Registry on the uTest platform:Example: {firstName=Ana, lastName=Medina, email=testChoucair3@gmail.com, dateOfBirth=August-12-1994, city=Bogota, postalCode=110111, password=Anamedinavillarreal9410, confirmPassword=Anamedinavillarreal9410} [Given than Rose want to subscribe to the uTest platform [Rose open up [Rose opens the Open up page], Rose go to [Rose clicks on button that allows us to go to the registration form]], When she fills out the registration form
| firstName | lastName | email | dateOfBirth | city | postalCode | password | confirmPassword |
| Ana | Medina | testChoucair3@gmail.com | August-12-1994 | Bogota | 110111 | Anamedinavillarreal9410 | Anamedinavillarreal9410 | [Rose fill [Rose enters 'Ana' into Name field, Rose enters 'Medina' into Last name field, Rose enters 'testChoucair3@gmail.com' into Email field, Rose clicks on List to select the day, Rose select August on List to select the month, Rose select 12 on List to select the day]]]
[Test worker] WARN net.thucydides.core.steps.BaseStepListener - stepStarted: net.thucydides.core.steps.ExecutedStepDescription@6096e5a8
[Test worker] WARN net.thucydides.core.steps.BaseStepListener - stepFinished: current outcome:Registry on the uTest platform:Example: {firstName=Ana, lastName=Medina, email=testChoucair3@gmail.com, dateOfBirth=August-12-1994, city=Bogota, postalCode=110111, password=Anamedinavillarreal9410, confirmPassword=Anamedinavillarreal9410} [Given than Rose want to subscribe to the uTest platform [Rose open up [Rose opens the Open up page], Rose go to [Rose clicks on button that allows us to go to the registration form]], When she fills out the registration form
| firstName | lastName | email | dateOfBirth | city | postalCode | password | confirmPassword |
| Ana | Medina | testChoucair3@gmail.com | August-12-1994 | Bogota | 110111 | Anamedinavillarreal9410 | Anamedinavillarreal9410 | [Rose fill [Rose enters 'Ana' into Name field, Rose enters 'Medina' into Last name field, Rose enters 'testChoucair3@gmail.com' into Email field, Rose clicks on List to select the day, Rose select August on List to select the month, Rose select 12 on List to select the day, Rose select 1994 on List to select the year]]]
[Test worker] WARN net.thucydides.core.steps.BaseStepListener - stepStarted: net.thucydides.core.steps.ExecutedStepDescription@1fae44ce
[Test worker] WARN net.thucydides.core.steps.BaseStepListener - stepFinished: current outcome:Registry on the uTest platform:Example: {firstName=Ana, lastName=Medina, email=testChoucair3@gmail.com, dateOfBirth=August-12-1994, city=Bogota, postalCode=110111, password=Anamedinavillarreal9410, confirmPassword=Anamedinavillarreal9410} [Given than Rose want to subscribe to the uTest platform [Rose open up [Rose opens the Open up page], Rose go to [Rose clicks on button that allows us to go to the registration form]], When she fills out the registration form
| firstName | lastName | email | dateOfBirth | city | postalCode | password | confirmPassword |
| Ana | Medina | testChoucair3@gmail.com | August-12-1994 | Bogota | 110111 | Anamedinavillarreal9410 | Anamedinavillarreal9410 | [Rose fill [Rose enters 'Ana' into Name field, Rose enters 'Medina' into Last name field, Rose enters 'testChoucair3@gmail.com' into Email field, Rose clicks on List to select the day, Rose select August on List to select the month, Rose select 12 on List to select the day, Rose select 1994 on List to select the year, Rose clicks on Button Next]]]
[Test worker] WARN net.thucydides.core.steps.BaseStepListener - stepStarted: net.thucydides.core.steps.ExecutedStepDescription@30dccafd
[Test worker] WARN net.thucydides.core.steps.BaseStepListener - stepFinished: current outcome:Registry on the uTest platform:Example: {firstName=Ana, lastName=Medina, email=testChoucair3@gmail.com, dateOfBirth=August-12-1994, city=Bogota, postalCode=110111, password=Anamedinavillarreal9410, confirmPassword=Anamedinavillarreal9410} [Given than Rose want to subscribe to the uTest platform [Rose open up [Rose opens the Open up page], Rose go to [Rose clicks on button that allows us to go to the registration form]], When she fills out the registration form
| firstName | lastName | email | dateOfBirth | city | postalCode | password | confirmPassword |
| Ana | Medina | testChoucair3@gmail.com | August-12-1994 | Bogota | 110111 | Anamedinavillarreal9410 | Anamedinavillarreal9410 | [Rose fill [Rose enters 'Ana' into Name field, Rose enters 'Medina' into Last name field, Rose enters 'testChoucair3@gmail.com' into Email field, Rose clicks on List to select the day, Rose select August on List to select the month, Rose select 12 on List to select the day, Rose select 1994 on List to select the year, Rose clicks on Button Next, Rose clears field City field]]]
[Test worker] WARN net.thucydides.core.steps.BaseStepListener - stepStarted: net.thucydides.core.steps.ExecutedStepDescription@807d107
[Test worker] WARN net.thucydides.core.steps.BaseStepListener - stepFinished: current outcome:Registry on the uTest platform:Example: {firstName=Ana, lastName=Medina, email=testChoucair3@gmail.com, dateOfBirth=August-12-1994, city=Bogota, postalCode=110111, password=Anamedinavillarreal9410, confirmPassword=Anamedinavillarreal9410} [Given than Rose want to subscribe to the uTest platform [Rose open up [Rose opens the Open up page], Rose go to [Rose clicks on button that allows us to go to the registration form]], When she fills out the registration form
| firstName | lastName | email | dateOfBirth | city | postalCode | password | confirmPassword |
| Ana | Medina | testChoucair3@gmail.com | August-12-1994 | Bogota | 110111 | Anamedinavillarreal9410 | Anamedinavillarreal9410 | [Rose fill [Rose enters 'Ana' into Name field, Rose enters 'Medina' into Last name field, Rose enters 'testChoucair3@gmail.com' into Email field, Rose clicks on List to select the day, Rose select August on List to select the month, Rose select 12 on List to select the day, Rose select 1994 on List to select the year, Rose clicks on Button Next, Rose clears field City field, Rose enters 'Bogota' into City field]]]
[Test worker] WARN net.thucydides.core.steps.BaseStepListener - stepStarted: net.thucydides.core.steps.ExecutedStepDescription@91c47b3
[Test worker] WARN net.thucydides.core.steps.BaseStepListener - stepFinished: current outcome:Registry on the uTest platform:Example: {firstName=Ana, lastName=Medina, email=testChoucair3@gmail.com, dateOfBirth=August-12-1994, city=Bogota, postalCode=110111, password=Anamedinavillarreal9410, confirmPassword=Anamedinavillarreal9410} [Given than Rose want to subscribe to the uTest platform [Rose open up [Rose opens the Open up page], Rose go to [Rose clicks on button that allows us to go to the registration form]], When she fills out the registration form
| firstName | lastName | email | dateOfBirth | city | postalCode | password | confirmPassword |
| Ana | Medina | testChoucair3@gmail.com | August-12-1994 | Bogota | 110111 | Anamedinavillarreal9410 | Anamedinavillarreal9410 | [Rose fill [Rose enters 'Ana' into Name field, Rose enters 'Medina' into Last name field, Rose enters 'testChoucair3@gmail.com' into Email field, Rose clicks on List to select the day, Rose select August on List to select the month, Rose select 12 on List to select the day, Rose select 1994 on List to select the year, Rose clicks on Button Next, Rose clears field City field, Rose enters 'Bogota' into City field, Rose clicks on City selected]]]
[Test worker] WARN net.thucydides.core.steps.BaseStepListener - stepStarted: net.thucydides.core.steps.ExecutedStepDescription@58cdc675
[Test worker] WARN net.thucydides.core.steps.BaseStepListener - stepFinished: current outcome:Registry on the uTest platform:Example: {firstName=Ana, lastName=Medina, email=testChoucair3@gmail.com, dateOfBirth=August-12-1994, city=Bogota, postalCode=110111, password=Anamedinavillarreal9410, confirmPassword=Anamedinavillarreal9410} [Given than Rose want to subscribe to the uTest platform [Rose open up [Rose opens the Open up page], Rose go to [Rose clicks on button that allows us to go to the registration form]], When she fills out the registration form
| firstName | lastName | email | dateOfBirth | city | postalCode | password | confirmPassword |
| Ana | Medina | testChoucair3@gmail.com | August-12-1994 | Bogota | 110111 | Anamedinavillarreal9410 | Anamedinavillarreal9410 | [Rose fill [Rose enters 'Ana' into Name field, Rose enters 'Medina' into Last name field, Rose enters 'testChoucair3@gmail.com' into Email field, Rose clicks on List to select the day, Rose select August on List to select the month, Rose select 12 on List to select the day, Rose select 1994 on List to select the year, Rose clicks on Button Next, Rose clears field City field, Rose enters 'Bogota' into City field, Rose clicks on City selected, Rose enters '110111' into Postal Code field]]]
[Test worker] WARN net.thucydides.core.steps.BaseStepListener - stepStarted: net.thucydides.core.steps.ExecutedStepDescription@76545f3d
[Test worker] WARN net.thucydides.core.steps.BaseStepListener - stepFinished: current outcome:Registry on the uTest platform:Example: {firstName=Ana, lastName=Medina, email=testChoucair3@gmail.com, dateOfBirth=August-12-1994, city=Bogota, postalCode=110111, password=Anamedinavillarreal9410, confirmPassword=Anamedinavillarreal9410} [Given than Rose want to subscribe to the uTest platform [Rose open up [Rose opens the Open up page], Rose go to [Rose clicks on button that allows us to go to the registration form]], When she fills out the registration form
| firstName | lastName | email | dateOfBirth | city | postalCode | password | confirmPassword |
| Ana | Medina | testChoucair3@gmail.com | August-12-1994 | Bogota | 110111 | Anamedinavillarreal9410 | Anamedinavillarreal9410 | [Rose fill [Rose enters 'Ana' into Name field, Rose enters 'Medina' into Last name field, Rose enters 'testChoucair3@gmail.com' into Email field, Rose clicks on List to select the day, Rose select August on List to select the month, Rose select 12 on List to select the day, Rose select 1994 on List to select the year, Rose clicks on Button Next, Rose clears field City field, Rose enters 'Bogota' into City field, Rose clicks on City selected, Rose enters '110111' into Postal Code field, Rose clicks on Button Next]]]
[Test worker] WARN net.thucydides.core.steps.BaseStepListener - stepStarted: net.thucydides.core.steps.ExecutedStepDescription@1679931f
[Test worker] WARN net.thucydides.core.steps.BaseStepListener - stepFinished: current outcome:Registry on the uTest platform:Example: {firstName=Ana, lastName=Medina, email=testChoucair3@gmail.com, dateOfBirth=August-12-1994, city=Bogota, postalCode=110111, password=Anamedinavillarreal9410, confirmPassword=Anamedinavillarreal9410} [Given than Rose want to subscribe to the uTest platform [Rose open up [Rose opens the Open up page], Rose go to [Rose clicks on button that allows us to go to the registration form]], When she fills out the registration form
| firstName | lastName | email | dateOfBirth | city | postalCode | password | confirmPassword |
| Ana | Medina | testChoucair3@gmail.com | August-12-1994 | Bogota | 110111 | Anamedinavillarreal9410 | Anamedinavillarreal9410 | [Rose fill [Rose enters 'Ana' into Name field, Rose enters 'Medina' into Last name field, Rose enters 'testChoucair3@gmail.com' into Email field, Rose clicks on List to select the day, Rose select August on List to select the month, Rose select 12 on List to select the day, Rose select 1994 on List to select the year, Rose clicks on Button Next, Rose clears field City field, Rose enters 'Bogota' into City field, Rose clicks on City selected, Rose enters '110111' into Postal Code field, Rose clicks on Button Next, Rose clicks on Button Next]]]
[Test worker] WARN net.thucydides.core.steps.BaseStepListener - stepStarted: net.thucydides.core.steps.ExecutedStepDescription@2ad7de8f
[Test worker] WARN net.thucydides.core.steps.BaseStepListener - stepFinished: current outcome:Registry on the uTest platform:Example: {firstName=Ana, lastName=Medina, email=testChoucair3@gmail.com, dateOfBirth=August-12-1994, city=Bogota, postalCode=110111, password=Anamedinavillarreal9410, confirmPassword=Anamedinavillarreal9410} [Given than Rose want to subscribe to the uTest platform [Rose open up [Rose opens the Open up page], Rose go to [Rose clicks on button that allows us to go to the registration form]], When she fills out the registration form
| firstName | lastName | email | dateOfBirth | city | postalCode | password | confirmPassword |
| Ana | Medina | testChoucair3@gmail.com | August-12-1994 | Bogota | 110111 | Anamedinavillarreal9410 | Anamedinavillarreal9410 | [Rose fill [Rose enters 'Ana' into Name field, Rose enters 'Medina' into Last name field, Rose enters 'testChoucair3@gmail.com' into Email field, Rose clicks on List to select the day, Rose select August on List to select the month, Rose select 12 on List to select the day, Rose select 1994 on List to select the year, Rose clicks on Button Next, Rose clears field City field, Rose enters 'Bogota' into City field, Rose clicks on City selected, Rose enters '110111' into Postal Code field, Rose clicks on Button Next, Rose clicks on Button Next, Rose enters 'Anamedinavillarreal9410' into Password field]]]
[Test worker] WARN net.thucydides.core.steps.BaseStepListener - stepStarted: net.thucydides.core.steps.ExecutedStepDescription@d61498b
[Test worker] WARN net.thucydides.core.steps.BaseStepListener - stepFinished: current outcome:Registry on the uTest platform:Example: {firstName=Ana, lastName=Medina, email=testChoucair3@gmail.com, dateOfBirth=August-12-1994, city=Bogota, postalCode=110111, password=Anamedinavillarreal9410, confirmPassword=Anamedinavillarreal9410} [Given than Rose want to subscribe to the uTest platform [Rose open up [Rose opens the Open up page], Rose go to [Rose clicks on button that allows us to go to the registration form]], When she fills out the registration form
| firstName | lastName | email | dateOfBirth | city | postalCode | password | confirmPassword |
| Ana | Medina | testChoucair3@gmail.com | August-12-1994 | Bogota | 110111 | Anamedinavillarreal9410 | Anamedinavillarreal9410 | [Rose fill [Rose enters 'Ana' into Name field, Rose enters 'Medina' into Last name field, Rose enters 'testChoucair3@gmail.com' into Email field, Rose clicks on List to select the day, Rose select August on List to select the month, Rose select 12 on List to select the day, Rose select 1994 on List to select the year, Rose clicks on Button Next, Rose clears field City field, Rose enters 'Bogota' into City field, Rose clicks on City selected, Rose enters '110111' into Postal Code field, Rose clicks on Button Next, Rose clicks on Button Next, Rose enters 'Anamedinavillarreal9410' into Password field, Rose enters 'Anamedinavillarreal9410' into Confirm password field]]]
[Test worker] WARN net.thucydides.core.steps.BaseStepListener - stepStarted: net.thucydides.core.steps.ExecutedStepDescription@2d79552d
[Test worker] WARN net.thucydides.core.steps.BaseStepListener - stepFinished: current outcome:Registry on the uTest platform:Example: {firstName=Ana, lastName=Medina, email=testChoucair3@gmail.com, dateOfBirth=August-12-1994, city=Bogota, postalCode=110111, password=Anamedinavillarreal9410, confirmPassword=Anamedinavillarreal9410} [Given than Rose want to subscribe to the uTest platform [Rose open up [Rose opens the Open up page], Rose go to [Rose clicks on button that allows us to go to the registration form]], When she fills out the registration form
| firstName | lastName | email | dateOfBirth | city | postalCode | password | confirmPassword |
| Ana | Medina | testChoucair3@gmail.com | August-12-1994 | Bogota | 110111 | Anamedinavillarreal9410 | Anamedinavillarreal9410 | [Rose fill [Rose enters 'Ana' into Name field, Rose enters 'Medina' into Last name field, Rose enters 'testChoucair3@gmail.com' into Email field, Rose clicks on List to select the day, Rose select August on List to select the month, Rose select 12 on List to select the day, Rose select 1994 on List to select the year, Rose clicks on Button Next, Rose clears field City field, Rose enters 'Bogota' into City field, Rose clicks on City selected, Rose enters '110111' into Postal Code field, Rose clicks on Button Next, Rose clicks on Button Next, Rose enters 'Anamedinavillarreal9410' into Password field, Rose enters 'Anamedinavillarreal9410' into Confirm password field, Rose clicks on Accept terms checkbox]]]
[Test worker] WARN net.thucydides.core.steps.BaseStepListener - stepStarted: net.thucydides.core.steps.ExecutedStepDescription@1da0f76f
[Test worker] WARN net.thucydides.core.steps.BaseStepListener - stepFinished: current outcome:Registry on the uTest platform:Example: {firstName=Ana, lastName=Medina, email=testChoucair3@gmail.com, dateOfBirth=August-12-1994, city=Bogota, postalCode=110111, password=Anamedinavillarreal9410, confirmPassword=Anamedinavillarreal9410} [Given than Rose want to subscribe to the uTest platform [Rose open up [Rose opens the Open up page], Rose go to [Rose clicks on button that allows us to go to the registration form]], When she fills out the registration form
| firstName | lastName | email | dateOfBirth | city | postalCode | password | confirmPassword |
| Ana | Medina | testChoucair3@gmail.com | August-12-1994 | Bogota | 110111 | Anamedinavillarreal9410 | Anamedinavillarreal9410 | [Rose fill [Rose enters 'Ana' into Name field, Rose enters 'Medina' into Last name field, Rose enters 'testChoucair3@gmail.com' into Email field, Rose clicks on List to select the day, Rose select August on List to select the month, Rose select 12 on List to select the day, Rose select 1994 on List to select the year, Rose clicks on Button Next, Rose clears field City field, Rose enters 'Bogota' into City field, Rose clicks on City selected, Rose enters '110111' into Postal Code field, Rose clicks on Button Next, Rose clicks on Button Next, Rose enters 'Anamedinavillarreal9410' into Password field, Rose enters 'Anamedinavillarreal9410' into Confirm password field, Rose clicks on Accept terms checkbox, Rose clicks on Accept privacy checkbox]]]
[Test worker] WARN net.thucydides.core.steps.BaseStepListener - stepStarted: net.thucydides.core.steps.ExecutedStepDescription@2742a4d
[Test worker] WARN net.thucydides.core.steps.BaseStepListener - stepFinished: current outcome:Registry on the uTest platform:Example: {firstName=Ana, lastName=Medina, email=testChoucair3@gmail.com, dateOfBirth=August-12-1994, city=Bogota, postalCode=110111, password=Anamedinavillarreal9410, confirmPassword=Anamedinavillarreal9410} [Given than Rose want to subscribe to the uTest platform [Rose open up [Rose opens the Open up page], Rose go to [Rose clicks on button that allows us to go to the registration form]], When she fills out the registration form
| firstName | lastName | email | dateOfBirth | city | postalCode | password | confirmPassword |
| Ana | Medina | testChoucair3@gmail.com | August-12-1994 | Bogota | 110111 | Anamedinavillarreal9410 | Anamedinavillarreal9410 | [Rose fill [Rose enters 'Ana' into Name field, Rose enters 'Medina' into Last name field, Rose enters 'testChoucair3@gmail.com' into Email field, Rose clicks on List to select the day, Rose select August on List to select the month, Rose select 12 on List to select the day, Rose select 1994 on List to select the year, Rose clicks on Button Next, Rose clears field City field, Rose enters 'Bogota' into City field, Rose clicks on City selected, Rose enters '110111' into Postal Code field, Rose clicks on Button Next, Rose clicks on Button Next, Rose enters 'Anamedinavillarreal9410' into Password field, Rose enters 'Anamedinavillarreal9410' into Confirm password field, Rose clicks on Accept terms checkbox, Rose clicks on Accept privacy checkbox, Rose clicks on Button Complete Setup]]]
[Test worker] WARN net.thucydides.core.steps.BaseStepListener - stepFinished: current outcome:Registry on the uTest platform:Example: {firstName=Ana, lastName=Medina, email=testChoucair3@gmail.com, dateOfBirth=August-12-1994, city=Bogota, postalCode=110111, password=Anamedinavillarreal9410, confirmPassword=Anamedinavillarreal9410} [Given than Rose want to subscribe to the uTest platform [Rose open up [Rose opens the Open up page], Rose go to [Rose clicks on button that allows us to go to the registration form]], When she fills out the registration form
| firstName | lastName | email | dateOfBirth | city | postalCode | password | confirmPassword |
| Ana | Medina | testChoucair3@gmail.com | August-12-1994 | Bogota | 110111 | Anamedinavillarreal9410 | Anamedinavillarreal9410 | [Rose fill [Rose enters 'Ana' into Name field, Rose enters 'Medina' into Last name field, Rose enters 'testChoucair3@gmail.com' into Email field, Rose clicks on List to select the day, Rose select August on List to select the month, Rose select 12 on List to select the day, Rose select 1994 on List to select the year, Rose clicks on Button Next, Rose clears field City field, Rose enters 'Bogota' into City field, Rose clicks on City selected, Rose enters '110111' into Postal Code field, Rose clicks on Button Next, Rose clicks on Button Next, Rose enters 'Anamedinavillarreal9410' into Password field, Rose enters 'Anamedinavillarreal9410' into Confirm password field, Rose clicks on Accept terms checkbox, Rose clicks on Accept privacy checkbox, Rose clicks on Button Complete Setup]]]
[Test worker] WARN net.thucydides.core.steps.BaseStepListener - stepFinished: current outcome:Registry on the uTest platform:Example: {firstName=Ana, lastName=Medina, email=testChoucair3@gmail.com, dateOfBirth=August-12-1994, city=Bogota, postalCode=110111, password=Anamedinavillarreal9410, confirmPassword=Anamedinavillarreal9410} [Given than Rose want to subscribe to the uTest platform [Rose open up [Rose opens the Open up page], Rose go to [Rose clicks on button that allows us to go to the registration form]], When she fills out the registration form
| firstName | lastName | email | dateOfBirth | city | postalCode | password | confirmPassword |
| Ana | Medina | testChoucair3@gmail.com | August-12-1994 | Bogota | 110111 | Anamedinavillarreal9410 | Anamedinavillarreal9410 | [Rose fill [Rose enters 'Ana' into Name field, Rose enters 'Medina' into Last name field, Rose enters 'testChoucair3@gmail.com' into Email field, Rose clicks on List to select the day, Rose select August on List to select the month, Rose select 12 on List to select the day, Rose select 1994 on List to select the year, Rose clicks on Button Next, Rose clears field City field, Rose enters 'Bogota' into City field, Rose clicks on City selected, Rose enters '110111' into Postal Code field, Rose clicks on Button Next, Rose clicks on Button Next, Rose enters 'Anamedinavillarreal9410' into Password field, Rose enters 'Anamedinavillarreal9410' into Confirm password field, Rose clicks on Accept terms checkbox, Rose clicks on Accept privacy checkbox, Rose clicks on Button Complete Setup]]]
[Test worker] WARN net.thucydides.core.steps.BaseStepListener - stepStarted: net.thucydides.core.steps.ExecutedStepDescription@2844ba13
[Test worker] WARN net.thucydides.core.steps.BaseStepListener - stepStarted: net.thucydides.core.steps.ExecutedStepDescription@5fa3f78
[Test worker] WARN net.thucydides.core.steps.BaseStepListener - stepFinished: current outcome:Registry on the uTest platform:Example: {firstName=Ana, lastName=Medina, email=testChoucair3@gmail.com, dateOfBirth=August-12-1994, city=Bogota, postalCode=110111, password=Anamedinavillarreal9410, confirmPassword=Anamedinavillarreal9410} [Given than Rose want to subscribe to the uTest platform [Rose open up [Rose opens the Open up page], Rose go to [Rose clicks on button that allows us to go to the registration form]], When she fills out the registration form
| firstName | lastName | email | dateOfBirth | city | postalCode | password | confirmPassword |
| Ana | Medina | testChoucair3@gmail.com | August-12-1994 | Bogota | 110111 | Anamedinavillarreal9410 | Anamedinavillarreal9410 | [Rose fill [Rose enters 'Ana' into Name field, Rose enters 'Medina' into Last name field, Rose enters 'testChoucair3@gmail.com' into Email field, Rose clicks on List to select the day, Rose select August on List to select the month, Rose select 12 on List to select the day, Rose select 1994 on List to select the year, Rose clicks on Button Next, Rose clears field City field, Rose enters 'Bogota' into City field, Rose clicks on City selected, Rose enters '110111' into Postal Code field, Rose clicks on Button Next, Rose clicks on Button Next, Rose enters 'Anamedinavillarreal9410' into Password field, Rose enters 'Anamedinavillarreal9410' into Confirm password field, Rose clicks on Accept terms checkbox, Rose clicks on Accept privacy checkbox, Rose clicks on Button Complete Setup]], Then she finds the message called The last step [Then answer]]
[Test worker] WARN net.thucydides.core.steps.BaseStepListener - stepFinished: current outcome:Registry on the uTest platform:Example: {firstName=Ana, lastName=Medina, email=testChoucair3@gmail.com, dateOfBirth=August-12-1994, city=Bogota, postalCode=110111, password=Anamedinavillarreal9410, confirmPassword=Anamedinavillarreal9410} [Given than Rose want to subscribe to the uTest platform [Rose open up [Rose opens the Open up page], Rose go to [Rose clicks on button that allows us to go to the registration form]], When she fills out the registration form
| firstName | lastName | email | dateOfBirth | city | postalCode | password | confirmPassword |
| Ana | Medina | testChoucair3@gmail.com | August-12-1994 | Bogota | 110111 | Anamedinavillarreal9410 | Anamedinavillarreal9410 | [Rose fill [Rose enters 'Ana' into Name field, Rose enters 'Medina' into Last name field, Rose enters 'testChoucair3@gmail.com' into Email field, Rose clicks on List to select the day, Rose select August on List to select the month, Rose select 12 on List to select the day, Rose select 1994 on List to select the year, Rose clicks on Button Next, Rose clears field City field, Rose enters 'Bogota' into City field, Rose clicks on City selected, Rose enters '110111' into Postal Code field, Rose clicks on Button Next, Rose clicks on Button Next, Rose enters 'Anamedinavillarreal9410' into Password field, Rose enters 'Anamedinavillarreal9410' into Confirm password field, Rose clicks on Accept terms checkbox, Rose clicks on Accept privacy checkbox, Rose clicks on Button Complete Setup]], Then she finds the message called The last step [Then answer]]
[Test worker] WARN net.thucydides.core.steps.BaseStepListener - stepFinished: current outcome:Registry on the uTest platform:Example: {firstName=Ana, lastName=Medina, email=testChoucair3@gmail.com, dateOfBirth=August-12-1994, city=Bogota, postalCode=110111, password=Anamedinavillarreal9410, confirmPassword=Anamedinavillarreal9410} [Given than Rose want to subscribe to the uTest platform [Rose open up [Rose opens the Open up page], Rose go to [Rose clicks on button that allows us to go to the registration form]], When she fills out the registration form
| firstName | lastName | email | dateOfBirth | city | postalCode | password | confirmPassword |
| Ana | Medina | testChoucair3@gmail.com | August-12-1994 | Bogota | 110111 | Anamedinavillarreal9410 | Anamedinavillarreal9410 | [Rose fill [Rose enters 'Ana' into Name field, Rose enters 'Medina' into Last name field, Rose enters 'testChoucair3@gmail.com' into Email field, Rose clicks on List to select the day, Rose select August on List to select the month, Rose select 12 on List to select the day, Rose select 1994 on List to select the year, Rose clicks on Button Next, Rose clears field City field, Rose enters 'Bogota' into City field, Rose clicks on City selected, Rose enters '110111' into Postal Code field, Rose clicks on Button Next, Rose clicks on Button Next, Rose enters 'Anamedinavillarreal9410' into Password field, Rose enters 'Anamedinavillarreal9410' into Confirm password field, Rose clicks on Accept terms checkbox, Rose clicks on Accept privacy checkbox, Rose clicks on Button Complete Setup]], Then she finds the message called The last step [Then answer]]
[Test worker] WARN net.thucydides.core.steps.BaseStepListener - testFinished: Registry on the uTest platform:Example: {firstName=Ana, lastName=Medina, email=testChoucair3@gmail.com, dateOfBirth=August-12-1994, city=Bogota, postalCode=110111, password=Anamedinavillarreal9410, confirmPassword=Anamedinavillarreal9410} [Given than Rose want to subscribe to the uTest platform [Rose open up [Rose opens the Open up page], Rose go to [Rose clicks on button that allows us to go to the registration form]], When she fills out the registration form
| firstName | lastName | email | dateOfBirth | city | postalCode | password | confirmPassword |
| Ana | Medina | testChoucair3@gmail.com | August-12-1994 | Bogota | 110111 | Anamedinavillarreal9410 | Anamedinavillarreal9410 | [Rose fill [Rose enters 'Ana' into Name field, Rose enters 'Medina' into Last name field, Rose enters 'testChoucair3@gmail.com' into Email field, Rose clicks on List to select the day, Rose select August on List to select the month, Rose select 12 on List to select the day, Rose select 1994 on List to select the year, Rose clicks on Button Next, Rose clears field City field, Rose enters 'Bogota' into City field, Rose clicks on City selected, Rose enters '110111' into Postal Code field, Rose clicks on Button Next, Rose clicks on Button Next, Rose enters 'Anamedinavillarreal9410' into Password field, Rose enters 'Anamedinavillarreal9410' into Confirm password field, Rose clicks on Accept terms checkbox, Rose clicks on Accept privacy checkbox, Rose clicks on Button Complete Setup]], Then she finds the message called The last step [Then answer]]
[Test worker] WARN net.thucydides.core.steps.BaseStepListener - TestOutcomes: [Registry on the uTest platform:Example: {firstName=Ana, lastName=Medina, email=testChoucair3@gmail.com, dateOfBirth=August-12-1994, city=Bogota, postalCode=110111, password=Anamedinavillarreal9410, confirmPassword=Anamedinavillarreal9410} [Given than Rose want to subscribe to the uTest platform [Rose open up [Rose opens the Open up page], Rose go to [Rose clicks on button that allows us to go to the registration form]], When she fills out the registration form
| firstName | lastName | email | dateOfBirth | city | postalCode | password | confirmPassword |
| Ana | Medina | testChoucair3@gmail.com | August-12-1994 | Bogota | 110111 | Anamedinavillarreal9410 | Anamedinavillarreal9410 | [Rose fill [Rose enters 'Ana' into Name field, Rose enters 'Medina' into Last name field, Rose enters 'testChoucair3@gmail.com' into Email field, Rose clicks on List to select the day, Rose select August on List to select the month, Rose select 12 on List to select the day, Rose select 1994 on List to select the year, Rose clicks on Button Next, Rose clears field City field, Rose enters 'Bogota' into City field, Rose clicks on City selected, Rose enters '110111' into Postal Code field, Rose clicks on Button Next, Rose clicks on Button Next, Rose enters 'Anamedinavillarreal9410' into Password field, Rose enters 'Anamedinavillarreal9410' into Confirm password field, Rose clicks on Accept terms checkbox, Rose clicks on Accept privacy checkbox, Rose clicks on Button Complete Setup]], Then she finds the message called The last step [Then answer]]]
[Test worker] WARN net.thucydides.core.steps.BaseStepListener - Final testOutcomes: [Registry on the uTest platform:Example: {firstName=Ana, lastName=Medina, email=testChoucair3@gmail.com, dateOfBirth=August-12-1994, city=Bogota, postalCode=110111, password=Anamedinavillarreal9410, confirmPassword=Anamedinavillarreal9410} [Given than Rose want to subscribe to the uTest platform [Rose open up [Rose opens the Open up page], Rose go to [Rose clicks on button that allows us to go to the registration form]], When she fills out the registration form
| firstName | lastName | email | dateOfBirth | city | postalCode | password | confirmPassword |
| Ana | Medina | testChoucair3@gmail.com | August-12-1994 | Bogota | 110111 | Anamedinavillarreal9410 | Anamedinavillarreal9410 | [Rose fill [Rose enters 'Ana' into Name field, Rose enters 'Medina' into Last name field, Rose enters 'testChoucair3@gmail.com' into Email field, Rose clicks on List to select the day, Rose select August on List to select the month, Rose select 12 on List to select the day, Rose select 1994 on List to select the year, Rose clicks on Button Next, Rose clears field City field, Rose enters 'Bogota' into City field, Rose clicks on City selected, Rose enters '110111' into Postal Code field, Rose clicks on Button Next, Rose clicks on Button Next, Rose enters 'Anamedinavillarreal9410' into Password field, Rose enters 'Anamedinavillarreal9410' into Confirm password field, Rose clicks on Accept terms checkbox, Rose clicks on Accept privacy checkbox, Rose clicks on Button Complete Setup]], Then she finds the message called The last step [Then answer]]]
[Test worker] INFO net.thucydides.core.steps.ConsoleLoggingListener - 
        __    _____ _____ ____ _____   ____   _    ____  ____  _____ ____  
  _     \ \  |_   _| ____/ ___|_   _| |  _ \ / \  / ___|/ ___|| ____|  _ \ 
 (_)_____| |   | | |  _| \___ \ | |   | |_) / _ \ \___ \\___ \|  _| | | | |
  _|_____| |   | | | |___ ___) || |   |  __/ ___ \ ___) |___) | |___| |_| |
 (_)     | |   |_| |_____|____/ |_|   |_| /_/   \_\____/|____/|_____|____/ 
        /_/                                                                

TEST PASSED: Registry on the uTest platform
----------------------------------------------------------------------------
]]></system-err>
</testsuite>
